<?xml version="1.0" encoding="UTF-8"?>
<!-- Generated by org.testng.reporters.JUnitXMLReporter -->
<testsuite hostname="Jobin-PC" ignored="0" name="Test on Rest API " tests="2" failures="1" timestamp="2020-03-02T17:48:11 EST" time="46.021" errors="0">
  <testcase name="invalidlogintest" time="10.673" classname="EBApparel_Tests.Functional_tests">
    <failure type="java.lang.AssertionError" message="expected [Unable to log on. Please make sure the username and password are for a valid user] but found []">
      <![CDATA[java.lang.AssertionError: expected [Unable to log on. Please make sure the username and password are for a valid user] but found []
at EBApparel_Tests.Functional_tests.invalidlogintest(Functional_tests.java:34)
at java.util.ArrayList.forEach(ArrayList.java:1234)
at java.util.concurrent.FutureTask.run(FutureTask.java:266)
at java.util.concurrent.ThreadPoolExecutor.runWorker(ThreadPoolExecutor.java:1142)
at java.util.concurrent.ThreadPoolExecutor$Worker.run(ThreadPoolExecutor.java:617)
at java.lang.Thread.run(Thread.java:745)
... Removed 25 stack frames]]>
    </failure>
  </testcase> <!-- invalidlogintest -->
  <testcase name="nulllogintest" time="2.952" classname="EBApparel_Tests.Functional_tests"/>
</testsuite> <!-- Test on Rest API  -->
